<?xml version="1.0" encoding="UTF-8"?>
<!-- Generated by org.testng.reporters.JUnitXMLReporter -->
<testsuite ignored="0" hostname="DESKTOP-7D9LM88" failures="0" tests="4" name="Default test" time="97.133" errors="0" timestamp="29 May 2020 02:41:30 GMT">
  <testcase classname="com.training.regression.tests.LoginExcelTest" name="loginExcelTest" time="14.426"/>
  <testcase classname="com.training.regression.tests.LoginExcelTest" name="loginExcelTest" time="13.886"/>
  <testcase classname="com.training.regression.tests.LoginExcelTest" name="loginExcelTest" time="14.235"/>
  <testcase classname="com.training.regression.tests.LoginExcelTest" name="loginExcelTest" time="14.132"/>
</testsuite> <!-- Default test -->
